<?xml version="1.0" encoding="UTF-8"?>
<!-- Generated by org.testng.reporters.JUnitReportReporter -->
<testsuite hostname="Admin" name="automation.Login" tests="5" failures="0" timestamp="26 May 2021 09:06:51 GMT" time="69.715" errors="0">
  <testcase name="LoginThanhCong" time="15.525" classname="automation.Login"/>
  <testcase name="LoginKhongNhapPass" time="8.146" classname="automation.Login"/>
  <testcase name="LoginKhongNhapUser" time="8.535" classname="automation.Login"/>
  <testcase name="LogoutThanhCong" time="23.784" classname="automation.Login"/>
  <testcase name="LoginThanhCongEditor" time="13.725" classname="automation.Login"/>
</testsuite> <!-- automation.Login -->
