<?xml version="1.0" encoding="UTF-8"?>
<!-- Generated by org.testng.reporters.JUnitReportReporter -->
<testsuite hostname="Admin" name="automation.Login" tests="1" failures="0" timestamp="21 May 2021 13:09:31 GMT" time="14.706" errors="0">
  <testcase name="LoginThanhCongEditor" time="14.706" classname="automation.Login"/>
</testsuite> <!-- automation.Login -->
