<?xml version="1.0" encoding="UTF-8"?>
<!-- Generated by org.testng.reporters.JUnitReportReporter -->
<testsuite hostname="Admin" name="automation.AddNewPostTest" tests="1" failures="0" timestamp="18 May 2021 07:57:06 GMT" time="22.622" errors="0">
  <testcase name="addNewPost" time="22.622" classname="automation.AddNewPostTest"/>
</testsuite> <!-- automation.AddNewPostTest -->
