<?xml version="1.0" encoding="UTF-8"?>
<!-- Generated by org.testng.reporters.JUnitReportReporter -->
<testsuite hostname="Admin" name="automation.Login" tests="5" failures="0" timestamp="28 May 2021 09:18:18 GMT" time="50.081" errors="0">
  <testcase name="LoginThanhCong" time="10.950" classname="automation.Login"/>
  <testcase name="LoginKhongNhapPass" time="8.139" classname="automation.Login"/>
  <testcase name="LogoutThanhCong" time="13.179" classname="automation.Login"/>
  <testcase name="LoginKhongNhapUser" time="7.651" classname="automation.Login"/>
  <testcase name="LoginThanhCongEditor" time="10.162" classname="automation.Login"/>
</testsuite> <!-- automation.Login -->
